Build started 2016/3/9 13:54:33.
     1>Project "C:\Users\szh\Documents\Tencent Files\1771107639\FileRecv\QtOpenGL(1)\QtOpenGL\QtOpenGL\QtOpenGL.vcxproj" on node 2 (Build target(s)).
     1>CustomBuild:
         Moc'ing MainWindow.h...
         Uic'ing qtopengl.ui...
         Moc'ing picturewindow.h...
         Moc'ing renderingwidget.h...
         Rcc'ing qtopengl.qrc...
     1>RCC : warning : No resources in 'C:\Users\szh\Documents\Tencent Files\1771107639\FileRecv\QtOpenGL(1)\QtOpenGL\QtOpenGL\qtopengl.qrc'.
         
         Uic'ing pictureviewer.ui...
       ClCompile:
         C:\Program Files (x86)\Microsoft Visual Studio 12.0\VC\bin\CL.exe /c /I.\GeneratedFiles /I. /IG:\QT\Qt5.5.1\5.5\msvc2013\include /I.\GeneratedFiles\Release /IG:\QT\Qt5.5.1\5.5\msvc2013\include\QtCore /IG:\QT\Qt5.5.1\5.5\msvc2013\include\QtGui /IG:\QT\Qt5.5.1\5.5\msvc2013\include\QtOpenGL /IG:\QT\Qt5.5.1\5.5\msvc2013\include\QtWidgets /nologo /W1 /WX- /O2 /Oy- /D UNICODE /D WIN32 /D WIN64 /D QT_DLL /D QT_NO_DEBUG /D NDEBUG /D QT_CORE_LIB /D QT_GUI_LIB /D QT_OPENGL_LIB /D QT_WIDGETS_LIB /Gm- /EHsc /MD /GS /fp:precise /Zc:wchar_t /Zc:forScope /Fo"Release\\" /Fd"Release\vc120.pdb" /Gd /TP /analyze- /errorReport:prompt ArcBall.cpp GeneratedFiles\Release\moc_MainWindow.cpp GeneratedFiles\Release\moc_picturewindow.cpp GeneratedFiles\Release\moc_renderingwidget.cpp main.cpp MainWindow.cpp picturewindow.cpp renderingwidget.cpp
         ArcBall.cpp
         moc_MainWindow.cpp
         moc_picturewindow.cpp
         moc_renderingwidget.cpp
         main.cpp
         MainWindow.cpp
         picturewindow.cpp
         renderingwidget.cpp
         Generating Code...
         C:\Program Files (x86)\Microsoft Visual Studio 12.0\VC\bin\CL.exe /c /I.\GeneratedFiles /I. /IG:\QT\Qt5.5.1\5.5\msvc2013\include /I.\GeneratedFiles\Release /IG:\QT\Qt5.5.1\5.5\msvc2013\include\QtCore /IG:\QT\Qt5.5.1\5.5\msvc2013\include\QtGui /IG:\QT\Qt5.5.1\5.5\msvc2013\include\QtOpenGL /IG:\QT\Qt5.5.1\5.5\msvc2013\include\QtWidgets /nologo /W1 /WX- /O2 /Oy- /D UNICODE /D WIN32 /D WIN64 /D QT_DLL /D QT_NO_DEBUG /D NDEBUG /D QT_CORE_LIB /D QT_GUI_LIB /D QT_OPENGL_LIB /D QT_WIDGETS_LIB /Gm- /EHsc /MD /GS /fp:precise /Zc:wchar_t /Zc:forScope /Fo"Release\\" /Fd"Release\vc120.pdb" /Gd /TP /analyze- /errorReport:prompt GeneratedFiles\qrc_qtopengl.cpp
         qrc_qtopengl.cpp
       Link:
         C:\Program Files (x86)\Microsoft Visual Studio 12.0\VC\bin\link.exe /ERRORREPORT:PROMPT /OUT:"C:\Users\szh\Documents\Tencent Files\1771107639\FileRecv\QtOpenGL(1)\QtOpenGL\Win32\Release\\QtOpenGL.exe" /NOLOGO /LIBPATH:G:\QT\Qt5.5.1\5.5\msvc2013\lib qtmain.lib Qt5Core.lib Qt5Gui.lib Qt5OpenGL.lib opengl32.lib glu32.lib Qt5Widgets.lib kernel32.lib user32.lib gdi32.lib winspool.lib comdlg32.lib advapi32.lib shell32.lib ole32.lib oleaut32.lib uuid.lib odbc32.lib odbccp32.lib /MANIFEST /MANIFESTUAC:"level='asInvoker' uiAccess='false'" /manifest:embed /PDB:"C:\Users\szh\Documents\Tencent Files\1771107639\FileRecv\QtOpenGL(1)\QtOpenGL\Win32\Release\QtOpenGL.pdb" /SUBSYSTEM:WINDOWS /TLBID:1 /DYNAMICBASE /NXCOMPAT /IMPLIB:"C:\Users\szh\Documents\Tencent Files\1771107639\FileRecv\QtOpenGL(1)\QtOpenGL\Win32\Release\QtOpenGL.lib" /MACHINE:X86 /SAFESEH Release\ArcBall.obj
         Release\qrc_qtopengl.obj
         Release\moc_MainWindow.obj
         Release\moc_picturewindow.obj
         Release\moc_renderingwidget.obj
         Release\main.obj
         Release\MainWindow.obj
         Release\picturewindow.obj
         Release\renderingwidget.obj
         QtOpenGL.vcxproj -> C:\Users\szh\Documents\Tencent Files\1771107639\FileRecv\QtOpenGL(1)\QtOpenGL\Win32\Release\QtOpenGL.exe
     1>Done Building Project "C:\Users\szh\Documents\Tencent Files\1771107639\FileRecv\QtOpenGL(1)\QtOpenGL\QtOpenGL\QtOpenGL.vcxproj" (Build target(s)).

Build succeeded.

Time Elapsed 00:00:16.37
