Build started 2016/3/16 10:56:31.
     1>Project "C:\Users\songzh\Documents\GitHub\Camera-Tracking-QT\QTCameraTrackingViewer\QtOpenGL\QtOpenGL\QtOpenGL.vcxproj" on node 2 (Build target(s)).
     1>CustomBuild:
         Moc'ing MyMainWindow.h...
         Uic'ing mainwindow.ui...
         Moc'ing picturewindow.h...
         Moc'ing trackwindow.h...
         Moc'ing renderingwidget.h...
         Rcc'ing qtopengl.qrc...
     1>RCC : warning : No resources in 'C:\Users\songzh\Documents\GitHub\Camera-Tracking-QT\QTCameraTrackingViewer\QtOpenGL\QtOpenGL\qtopengl.qrc'.
         
         Uic'ing pictureviewer.ui...
         Uic'ing trackviewer.ui...
       ClCompile:
         E:\programs\Microsoft Visual Studio 12.0\VC\bin\CL.exe /c /I.\GeneratedFiles /I. /IE:\programs\Qt\Qt5.5.1\5.5\msvc2013\include /I.\GeneratedFiles\Debug /IE:\programs\Qt\Qt5.5.1\5.5\msvc2013\include\QtCore /IE:\programs\Qt\Qt5.5.1\5.5\msvc2013\include\QtGui /IE:\programs\Qt\Qt5.5.1\5.5\msvc2013\include\QtOpenGL /IE:\programs\Qt\Qt5.5.1\5.5\msvc2013\include\QtWidgets /Zi /nologo /W1 /WX- /Od /Oy- /D UNICODE /D WIN32 /D WIN64 /D QT_DLL /D QT_CORE_LIB /D QT_GUI_LIB /D QT_OPENGL_LIB /D QT_WIDGETS_LIB /Gm- /EHsc /MDd /GS /fp:precise /Zc:wchar_t /Zc:forScope /Fo"Debug\\" /Fd"Debug\vc120.pdb" /Gd /TP /analyze- /errorReport:prompt ArcBall.cpp GeneratedFiles\Debug\moc_MyMainWindow.cpp GeneratedFiles\Debug\moc_picturewindow.cpp GeneratedFiles\Debug\moc_renderingwidget.cpp GeneratedFiles\Debug\moc_trackwindow.cpp main.cpp MyMainWindow.cpp picturewindow.cpp renderingwidget.cpp trackwindow.cpp
         ArcBall.cpp
         moc_MyMainWindow.cpp
         moc_picturewindow.cpp
         moc_renderingwidget.cpp
         moc_trackwindow.cpp
         main.cpp
         MyMainWindow.cpp
         picturewindow.cpp
         renderingwidget.cpp
         trackwindow.cpp
         Generating Code...
         E:\programs\Microsoft Visual Studio 12.0\VC\bin\CL.exe /c /I.\GeneratedFiles /I. /IE:\programs\Qt\Qt5.5.1\5.5\msvc2013\include /I.\GeneratedFiles\Debug /IE:\programs\Qt\Qt5.5.1\5.5\msvc2013\include\QtCore /IE:\programs\Qt\Qt5.5.1\5.5\msvc2013\include\QtGui /IE:\programs\Qt\Qt5.5.1\5.5\msvc2013\include\QtOpenGL /IE:\programs\Qt\Qt5.5.1\5.5\msvc2013\include\QtWidgets /Zi /nologo /W1 /WX- /Od /Oy- /D UNICODE /D WIN32 /D WIN64 /D QT_DLL /D QT_CORE_LIB /D QT_GUI_LIB /D QT_OPENGL_LIB /D QT_WIDGETS_LIB /Gm- /EHsc /MDd /GS /fp:precise /Zc:wchar_t /Zc:forScope /Fo"Debug\\" /Fd"Debug\vc120.pdb" /Gd /TP /analyze- /errorReport:prompt GeneratedFiles\qrc_qtopengl.cpp
         qrc_qtopengl.cpp
       Link:
         E:\programs\Microsoft Visual Studio 12.0\VC\bin\link.exe /ERRORREPORT:PROMPT /OUT:"C:\Users\songzh\Documents\GitHub\Camera-Tracking-QT\QTCameraTrackingViewer\QtOpenGL\Win32\Debug\\QtOpenGL.exe" /NOLOGO /LIBPATH:E:\programs\Qt\Qt5.5.1\5.5\msvc2013\lib qtmaind.lib Qt5Cored.lib Qt5Guid.lib Qt5OpenGLd.lib opengl32.lib glu32.lib Qt5Widgetsd.lib kernel32.lib user32.lib gdi32.lib winspool.lib comdlg32.lib advapi32.lib shell32.lib ole32.lib oleaut32.lib uuid.lib odbc32.lib odbccp32.lib /MANIFEST /MANIFESTUAC:"level='asInvoker' uiAccess='false'" /manifest:embed /DEBUG /PDB:"C:\Users\songzh\Documents\GitHub\Camera-Tracking-QT\QTCameraTrackingViewer\QtOpenGL\Win32\Debug\QtOpenGL.pdb" /SUBSYSTEM:CONSOLE /TLBID:1 /DYNAMICBASE /NXCOMPAT /IMPLIB:"C:\Users\songzh\Documents\GitHub\Camera-Tracking-QT\QTCameraTrackingViewer\QtOpenGL\Win32\Debug\QtOpenGL.lib" /MACHINE:X86 /SAFESEH:NO Debug\ArcBall.obj
         Debug\moc_MyMainWindow.obj
         Debug\moc_picturewindow.obj
         Debug\moc_renderingwidget.obj
         Debug\moc_trackwindow.obj
         Debug\qrc_qtopengl.obj
         Debug\main.obj
         Debug\MyMainWindow.obj
         Debug\picturewindow.obj
         Debug\renderingwidget.obj
         Debug\trackwindow.obj
         QtOpenGL.vcxproj -> C:\Users\songzh\Documents\GitHub\Camera-Tracking-QT\QTCameraTrackingViewer\QtOpenGL\Win32\Debug\QtOpenGL.exe
     1>Done Building Project "C:\Users\songzh\Documents\GitHub\Camera-Tracking-QT\QTCameraTrackingViewer\QtOpenGL\QtOpenGL\QtOpenGL.vcxproj" (Build target(s)).

Build succeeded.

Time Elapsed 00:00:19.17
